TN:
SF:src/config.ts
FN:1,(empty-report)
FNF:1
FNH:1
FNDA:1,(empty-report)
DA:5,0
DA:6,0
DA:8,0
DA:9,0
DA:10,0
DA:12,0
DA:13,0
DA:14,0
DA:15,0
DA:16,0
DA:18,0
DA:19,0
DA:20,0
DA:22,0
DA:23,0
DA:24,0
DA:25,0
DA:26,0
DA:28,0
LF:19
LH:0
BRDA:1,0,0,1
BRF:1
BRH:1
end_of_record
TN:
SF:src/server.ts
FN:1,(empty-report)
FNF:1
FNH:0
FNDA:0,(empty-report)
DA:1,0
DA:2,0
DA:3,0
DA:4,0
DA:5,0
DA:7,0
DA:8,0
DA:9,0
DA:11,0
DA:14,0
DA:17,0
DA:20,0
DA:21,0
DA:22,0
DA:24,0
DA:26,0
DA:27,0
DA:29,0
DA:30,0
DA:31,0
DA:32,0
LF:21
LH:0
BRDA:1,0,0,0
BRF:1
BRH:0
end_of_record
TN:
SF:src/routes/api.ts
FN:1,(empty-report)
FNF:1
FNH:0
FNDA:0,(empty-report)
DA:1,0
DA:2,0
DA:4,0
DA:6,0
DA:7,0
DA:8,0
DA:10,0
DA:11,0
DA:12,0
DA:13,0
DA:14,0
DA:16,0
DA:17,0
DA:19,0
LF:14
LH:0
BRDA:1,0,0,0
BRF:1
BRH:0
end_of_record
TN:
SF:src/test-examples/Vault.ts
FN:5,<instance_members_initializer>
FN:19,Vault
FN:27,deposit
FN:37,withdraw
FN:51,getBalance
FN:59,#validateKey
FNF:6
FNH:6
FNDA:7,<instance_members_initializer>
FNDA:7,Vault
FNDA:7,deposit
FNDA:3,withdraw
FNDA:3,getBalance
FNDA:6,#validateKey
DA:1,1
DA:5,1
DA:11,7
DA:17,7
DA:19,1
DA:20,7
DA:21,7
DA:22,7
DA:27,1
DA:28,7
DA:29,2
DA:30,2
DA:31,5
DA:32,7
DA:37,1
DA:38,3
DA:40,3
DA:41,1
DA:42,1
DA:44,1
DA:45,1
DA:46,3
DA:51,1
DA:52,3
DA:53,3
DA:54,3
DA:59,1
DA:60,6
DA:61,2
DA:62,2
DA:63,6
DA:64,1
LF:32
LH:32
BRDA:5,0,0,7
BRDA:19,1,0,7
BRDA:27,2,0,7
BRDA:28,3,0,2
BRDA:30,4,0,5
BRDA:37,5,0,3
BRDA:40,6,0,1
BRDA:51,7,0,3
BRDA:59,8,0,6
BRDA:60,9,0,2
BRF:10
BRH:10
end_of_record
TN:
SF:src/test-examples/add.ts
FN:1,sum
FNF:1
FNH:1
FNDA:1,sum
DA:1,1
DA:2,1
DA:3,1
LF:3
LH:3
BRDA:1,0,0,1
BRF:1
BRH:1
end_of_record
TN:
SF:src/test-examples/stream.ts
FN:1,(empty-report)
FNF:1
FNH:0
FNDA:0,(empty-report)
DA:1,0
DA:13,0
DA:14,0
DA:15,0
DA:16,0
DA:22,0
DA:23,0
DA:24,0
DA:25,0
DA:26,0
DA:28,0
DA:29,0
DA:32,0
DA:33,0
DA:34,0
DA:37,0
DA:38,0
DA:39,0
DA:40,0
DA:41,0
DA:42,0
LF:21
LH:0
BRDA:1,0,0,0
BRF:1
BRH:0
end_of_record
TN:
SF:src/test-examples/stream2.ts
FN:1,(empty-report)
FNF:1
FNH:0
FNDA:0,(empty-report)
DA:1,0
DA:2,0
DA:12,0
DA:13,0
DA:14,0
DA:15,0
DA:22,0
DA:23,0
DA:24,0
DA:25,0
DA:26,0
DA:32,0
DA:33,0
DA:34,0
DA:35,0
DA:36,0
DA:41,0
DA:42,0
DA:45,0
DA:46,0
DA:47,0
DA:48,0
DA:49,0
DA:50,0
LF:24
LH:0
BRDA:1,0,0,0
BRF:1
BRH:0
end_of_record
