TN:
SF:src/config.ts
FN:1,(empty-report)
FNF:1
FNH:1
FNDA:1,(empty-report)
DA:5,0
DA:6,0
DA:8,0
DA:9,0
DA:10,0
DA:12,0
DA:13,0
DA:14,0
DA:15,0
DA:16,0
DA:18,0
DA:19,0
DA:20,0
DA:22,0
DA:23,0
DA:24,0
DA:25,0
DA:26,0
DA:28,0
LF:19
LH:0
BRDA:1,0,0,1
BRF:1
BRH:1
end_of_record
TN:
SF:src/server.ts
FN:1,(empty-report)
FNF:1
FNH:0
FNDA:0,(empty-report)
DA:1,0
DA:2,0
DA:3,0
DA:4,0
DA:5,0
DA:7,0
DA:8,0
DA:9,0
DA:11,0
DA:14,0
DA:17,0
DA:20,0
DA:21,0
DA:22,0
DA:24,0
DA:26,0
DA:27,0
DA:29,0
DA:30,0
DA:31,0
DA:32,0
LF:21
LH:0
BRDA:1,0,0,0
BRF:1
BRH:0
end_of_record
TN:
SF:src/routes/api.ts
FN:1,(empty-report)
FNF:1
FNH:0
FNDA:0,(empty-report)
DA:1,0
DA:2,0
DA:4,0
DA:6,0
DA:7,0
DA:8,0
DA:10,0
DA:11,0
DA:12,0
DA:13,0
DA:14,0
DA:16,0
DA:17,0
DA:19,0
LF:14
LH:0
BRDA:1,0,0,0
BRF:1
BRH:0
end_of_record
TN:
SF:src/test-examples/Vault.ts
FN:5,<instance_members_initializer>
FN:19,Vault
FN:27,deposit
FN:37,withdraw
FN:51,getBalance
FN:59,#validateKey
FNF:6
FNH:6
FNDA:7,<instance_members_initializer>
FNDA:7,Vault
FNDA:7,deposit
FNDA:3,withdraw
FNDA:3,getBalance
FNDA:6,#validateKey
DA:1,1
DA:5,1
DA:11,7
DA:17,7
DA:19,1
DA:20,7
DA:21,7
DA:22,7
DA:27,1
DA:28,7
DA:29,2
DA:30,2
DA:31,5
DA:32,7
DA:37,1
DA:38,3
DA:40,3
DA:41,1
DA:42,1
DA:44,1
DA:45,1
DA:46,3
DA:51,1
DA:52,3
DA:53,3
DA:54,3
DA:59,1
DA:60,6
DA:61,2
DA:62,2
DA:63,6
DA:64,1
LF:32
LH:32
BRDA:5,0,0,7
BRDA:19,1,0,7
BRDA:27,2,0,7
BRDA:28,3,0,2
BRDA:30,4,0,5
BRDA:37,5,0,3
BRDA:40,6,0,1
BRDA:51,7,0,3
BRDA:59,8,0,6
BRDA:60,9,0,2
BRF:10
BRH:10
end_of_record
TN:
SF:src/test-examples/add.ts
FN:1,sum
FNF:1
FNH:1
FNDA:1,sum
DA:1,1
DA:2,1
DA:3,1
LF:3
LH:3
BRDA:1,0,0,1
BRF:1
BRH:1
end_of_record
TN:
SF:src/test-examples/map.ts
FN:8,<instance_members_initializer>
FN:13,addUser
FN:20,getUser
FN:28,removeUser
FN:35,hasUser
FN:42,get totalUsers
FN:49,clearRegistry
FN:56,getAllUserNames
FN:63,getAllUserIds
FNF:9
FNH:9
FNDA:1,<instance_members_initializer>
FNDA:2,addUser
FNDA:2,getUser
FNDA:1,removeUser
FNDA:3,hasUser
FNDA:3,get totalUsers
FNDA:1,clearRegistry
FNDA:1,getAllUserNames
FNDA:1,getAllUserIds
DA:4,1
DA:8,1
DA:13,1
DA:14,2
DA:15,2
DA:20,1
DA:21,2
DA:22,2
DA:28,1
DA:29,1
DA:30,1
DA:35,1
DA:36,3
DA:37,3
DA:42,1
DA:43,3
DA:44,3
DA:49,1
DA:50,1
DA:51,1
DA:56,1
DA:57,1
DA:58,1
DA:63,1
DA:64,1
DA:65,1
DA:66,1
LF:27
LH:27
BRDA:8,0,0,1
BRDA:13,1,0,2
BRDA:20,2,0,2
BRDA:28,3,0,1
BRDA:35,4,0,3
BRDA:42,5,0,3
BRDA:49,6,0,1
BRDA:56,7,0,1
BRDA:63,8,0,1
BRF:9
BRH:9
end_of_record
TN:
SF:src/test-examples/set.ts
FN:8,<instance_members_initializer>
FN:13,addTag
FN:20,hasTag
FN:27,removeTag
FN:34,get count
FN:41,clear
FN:48,getTags
FN:55,getIntersection
FNF:8
FNH:8
FNDA:1,<instance_members_initializer>
FNDA:3,addTag
FNDA:4,hasTag
FNDA:1,removeTag
FNDA:3,get count
FNDA:1,clear
FNDA:1,getTags
FNDA:1,getIntersection
DA:4,1
DA:8,1
DA:13,1
DA:14,3
DA:15,3
DA:20,1
DA:21,4
DA:22,4
DA:27,1
DA:28,1
DA:29,1
DA:34,1
DA:35,3
DA:36,3
DA:41,1
DA:42,1
DA:43,1
DA:48,1
DA:49,1
DA:50,1
DA:55,1
DA:56,1
DA:57,1
DA:58,3
DA:59,3
DA:60,2
DA:61,2
DA:62,3
DA:63,1
DA:64,1
DA:65,1
LF:31
LH:31
BRDA:8,0,0,1
BRDA:13,1,0,3
BRDA:20,2,0,4
BRDA:27,3,0,1
BRDA:34,4,0,3
BRDA:41,5,0,1
BRDA:48,6,0,1
BRDA:55,7,0,1
BRDA:57,8,0,3
BRDA:59,9,0,2
BRF:10
BRH:10
end_of_record
TN:
SF:src/test-examples/stream.ts
FN:1,(empty-report)
FNF:1
FNH:0
FNDA:0,(empty-report)
DA:1,0
DA:13,0
DA:14,0
DA:15,0
DA:16,0
DA:22,0
DA:23,0
DA:24,0
DA:25,0
DA:26,0
DA:28,0
DA:29,0
DA:32,0
DA:33,0
DA:34,0
DA:37,0
DA:38,0
DA:39,0
DA:40,0
DA:41,0
DA:42,0
LF:21
LH:0
BRDA:1,0,0,0
BRF:1
BRH:0
end_of_record
TN:
SF:src/test-examples/stream2.ts
FN:1,(empty-report)
FNF:1
FNH:0
FNDA:0,(empty-report)
DA:1,0
DA:2,0
DA:3,0
DA:13,0
DA:14,0
DA:15,0
DA:16,0
DA:23,0
DA:24,0
DA:25,0
DA:27,0
DA:28,0
DA:29,0
DA:35,0
DA:36,0
DA:37,0
DA:38,0
DA:39,0
DA:44,0
DA:45,0
DA:48,0
DA:49,0
DA:50,0
DA:51,0
DA:52,0
DA:53,0
LF:26
LH:0
BRDA:1,0,0,0
BRF:1
BRH:0
end_of_record
TN:
SF:src/test-examples/zod.ts
FN:35,__vite_ssr_import_0__.z.string.min.refine.message
FN:38,__vite_ssr_import_0__.z.string.min.refine.refine.message
FN:54,validateUser
FNF:3
FNH:2
FNDA:3,__vite_ssr_import_0__.z.string.min.refine.message
FNDA:3,__vite_ssr_import_0__.z.string.min.refine.refine.message
FNDA:0,validateUser
DA:1,1
DA:4,1
DA:5,1
DA:6,1
DA:7,1
DA:8,1
DA:9,1
DA:10,1
DA:16,1
DA:17,1
DA:18,1
DA:19,1
DA:20,1
DA:21,1
DA:22,1
DA:23,1
DA:24,1
DA:25,1
DA:26,1
DA:27,1
DA:32,1
DA:33,1
DA:34,1
DA:35,1
DA:36,1
DA:37,1
DA:38,1
DA:39,1
DA:40,1
DA:43,1
DA:44,1
DA:45,1
DA:46,1
DA:47,1
DA:48,1
DA:49,1
DA:54,1
DA:55,0
DA:56,0
LF:39
LH:37
BRDA:9,0,0,3
BRDA:35,1,0,3
BRDA:38,2,0,3
BRDA:47,3,0,2
BRF:4
BRH:4
end_of_record
